[0.029s] Invoking command in '/home/parallels/Desktop/work/noyes/intervew/ros/example/build/example': /usr/bin/cmake /home/parallels/Desktop/work/noyes/intervew/ros/example -DCMAKE_INSTALL_PREFIX=/home/parallels/Desktop/work/noyes/intervew/ros/example/install/example
[0.909s] -- The C compiler identification is GNU 9.4.0
[1.725s] -- The CXX compiler identification is GNU 9.4.0
[1.747s] -- Check for working C compiler: /usr/bin/cc
[1.922s] -- Check for working C compiler: /usr/bin/cc -- works
[1.926s] -- Detecting C compiler ABI info
[2.170s] -- Detecting C compiler ABI info - done
[2.192s] -- Detecting C compile features
[2.198s] -- Detecting C compile features - done
[2.208s] -- Check for working CXX compiler: /usr/bin/c++
[2.401s] -- Check for working CXX compiler: /usr/bin/c++ -- works
[2.404s] -- Detecting CXX compiler ABI info
[2.685s] -- Detecting CXX compiler ABI info - done
[2.699s] -- Detecting CXX compile features
[2.700s] -- Detecting CXX compile features - done
[2.712s] -- Found ament_cmake: 0.9.11 (/opt/ros/foxy/share/ament_cmake/cmake)
[2.755s] -- Found PythonInterp: /usr/bin/python3 (found suitable version "3.8.10", minimum required is "3") 
[2.756s] -- Using PYTHON_EXECUTABLE: /usr/bin/python3
[3.338s] -- Found rosidl_default_generators: 1.0.1 (/opt/ros/foxy/share/rosidl_default_generators/cmake)
[3.349s] -- Using all available rosidl_typesupport_c: rosidl_typesupport_fastrtps_c;rosidl_typesupport_introspection_c
[3.371s] -- Found rosidl_adapter: 1.3.0 (/opt/ros/foxy/share/rosidl_adapter/cmake)
[3.570s] -- Found OpenSSL: /usr/lib/x86_64-linux-gnu/libcrypto.so (found version "1.1.1f")  
[3.620s] -- Found FastRTPS: /opt/ros/foxy/include  
[3.743s] -- Using all available rosidl_typesupport_cpp: rosidl_typesupport_fastrtps_cpp;rosidl_typesupport_introspection_cpp
[3.822s] -- Found geometry_msgs: 2.0.5 (/opt/ros/foxy/share/geometry_msgs/cmake)
[3.941s] -- Found action_msgs: 1.0.0 (/opt/ros/foxy/share/action_msgs/cmake)
[4.015s] CMake Error at CMakeLists.txt:15 (find_package):
[4.015s]   By not providing "Findnys_bot_msgs.cmake" in CMAKE_MODULE_PATH this project
[4.015s]   has asked CMake to find a package configuration file provided by
[4.015s]   "nys_bot_msgs", but CMake did not find one.
[4.015s] 
[4.015s]   Could not find a package configuration file provided by "nys_bot_msgs" with
[4.016s]   any of the following names:
[4.016s] 
[4.016s]     nys_bot_msgsConfig.cmake
[4.016s]     nys_bot_msgs-config.cmake
[4.016s] 
[4.016s]   Add the installation prefix of "nys_bot_msgs" to CMAKE_PREFIX_PATH or set
[4.016s]   "nys_bot_msgs_DIR" to a directory containing one of the above files.  If
[4.016s]   "nys_bot_msgs" provides a separate development package or SDK, be sure it
[4.016s]   has been installed.
[4.016s] 
[4.017s] 
[4.017s] -- Configuring incomplete, errors occurred!
[4.017s] See also "/home/parallels/Desktop/work/noyes/intervew/ros/example/build/example/CMakeFiles/CMakeOutput.log".
[4.026s] Invoked command in '/home/parallels/Desktop/work/noyes/intervew/ros/example/build/example' returned '1': /usr/bin/cmake /home/parallels/Desktop/work/noyes/intervew/ros/example -DCMAKE_INSTALL_PREFIX=/home/parallels/Desktop/work/noyes/intervew/ros/example/install/example
