[0.031s] Invoking command in '/home/parallels/Desktop/work/noyes/intervew/ros/example/build/example': /usr/bin/cmake /home/parallels/Desktop/work/noyes/intervew/ros/example -DCMAKE_INSTALL_PREFIX=/home/parallels/Desktop/work/noyes/intervew/ros/example/install/example
[0.066s] -- Found ament_cmake: 0.9.11 (/opt/ros/foxy/share/ament_cmake/cmake)
[0.151s] -- Using PYTHON_EXECUTABLE: /usr/bin/python3
[0.507s] -- Found rosidl_default_generators: 1.0.1 (/opt/ros/foxy/share/rosidl_default_generators/cmake)
[0.509s] -- Using all available rosidl_typesupport_c: rosidl_typesupport_fastrtps_c;rosidl_typesupport_introspection_c
[0.513s] -- Found rosidl_adapter: 1.3.0 (/opt/ros/foxy/share/rosidl_adapter/cmake)
[0.683s] -- Using all available rosidl_typesupport_cpp: rosidl_typesupport_fastrtps_cpp;rosidl_typesupport_introspection_cpp
[0.707s] -- Found geometry_msgs: 2.0.5 (/opt/ros/foxy/share/geometry_msgs/cmake)
[0.816s] -- Found PythonInterp: /usr/bin/python3 (found version "3.8.10") 
[1.344s] CMake Error at /opt/ros/foxy/share/rosidl_adapter/cmake/rosidl_adapt_interfaces.cmake:60 (message):
[1.345s]   execute_process(/usr/bin/python3 -m rosidl_adapter --package-name example
[1.345s]   --arguments-file
[1.345s]   /home/parallels/Desktop/work/noyes/intervew/ros/example/build/example/rosidl_adapter__arguments__example.json
[1.345s]   --output-dir
[1.346s]   /home/parallels/Desktop/work/noyes/intervew/ros/example/build/example/rosidl_adapter/example
[1.346s]   --output-file
[1.346s]   /home/parallels/Desktop/work/noyes/intervew/ros/example/build/example/rosidl_adapter/example.idls)
[1.346s]   returned error code 1:
[1.346s] 
[1.346s]   Traceback (most recent call last):
[1.346s] 
[1.346s]     File "/usr/lib/python3.8/runpy.py", line 194, in _run_module_as_main
[1.346s]       return _run_code(code, main_globals, None,
[1.346s]     File "/usr/lib/python3.8/runpy.py", line 87, in _run_code
[1.346s]       exec(code, run_globals)
[1.347s]     File "/opt/ros/foxy/lib/python3.8/site-packages/rosidl_adapter/__main__.py", line 19, in <module>
[1.347s]       sys.exit(main())
[1.347s]     File "/opt/ros/foxy/lib/python3.8/site-packages/rosidl_adapter/main.py", line 53, in main
[1.347s]       abs_idl_file = convert_to_idl(
[1.347s]     File "/opt/ros/foxy/lib/python3.8/site-packages/rosidl_adapter/__init__.py", line 24, in convert_to_idl
[1.347s]       return convert_srv_to_idl(
[1.347s]     File "/opt/ros/foxy/lib/python3.8/site-packages/rosidl_adapter/srv/__init__.py", line 28, in convert_srv_to_idl
[1.347s]       srv = parse_service_string(package_name, input_file.stem, content)
[1.347s]     File "/opt/ros/foxy/lib/python3.8/site-packages/rosidl_adapter/parser.py", line 843, in parse_service_string
[1.347s]       raise InvalidServiceSpecification(
[1.347s] 
[1.347s]   rosidl_adapter.parser.InvalidServiceSpecification: Could not find separator
[1.347s]   '---' between request and response
[1.347s] 
[1.347s] Call Stack (most recent call first):
[1.348s]   /opt/ros/foxy/share/rosidl_cmake/cmake/rosidl_generate_interfaces.cmake:130 (rosidl_adapt_interfaces)
[1.348s]   CMakeLists.txt:15 (rosidl_generate_interfaces)
[1.348s] 
[1.348s] 
[1.348s] -- Configuring incomplete, errors occurred!
[1.348s] See also "/home/parallels/Desktop/work/noyes/intervew/ros/example/build/example/CMakeFiles/CMakeOutput.log".
[1.356s] Invoked command in '/home/parallels/Desktop/work/noyes/intervew/ros/example/build/example' returned '1': /usr/bin/cmake /home/parallels/Desktop/work/noyes/intervew/ros/example -DCMAKE_INSTALL_PREFIX=/home/parallels/Desktop/work/noyes/intervew/ros/example/install/example
