[0.353s] DEBUG:colcon:Command line arguments: ['/usr/bin/colcon', 'build', '--symlink-install']
[0.353s] DEBUG:colcon:Parsed command line arguments: Namespace(allow_overriding=[], ament_cmake_args=None, base_paths=['.'], build_base='build', catkin_cmake_args=None, catkin_skip_building_tests=False, cmake_args=None, cmake_clean_cache=False, cmake_clean_first=False, cmake_force_configure=False, cmake_target=None, cmake_target_skip_unavailable=False, continue_on_error=False, event_handlers=None, executor='parallel', ignore_user_meta=False, install_base='install', log_base=None, log_level=None, main=<bound method BuildVerb.main of <colcon_core.verb.build.BuildVerb object at 0x7f0641dfbf10>>, merge_install=False, metas=['./colcon.meta'], packages_above=None, packages_above_and_dependencies=None, packages_above_depth=None, packages_end=None, packages_ignore=None, packages_ignore_regex=None, packages_select=None, packages_select_build_failed=False, packages_select_by_dep=None, packages_select_regex=None, packages_select_test_failures=False, packages_skip=None, packages_skip_build_finished=False, packages_skip_by_dep=None, packages_skip_regex=None, packages_skip_test_passed=False, packages_skip_up_to=None, packages_start=None, packages_up_to=None, packages_up_to_regex=None, parallel_workers=4, paths=None, symlink_install=True, test_result_base=None, verb_extension=<colcon_core.verb.build.BuildVerb object at 0x7f0641dfbf10>, verb_name='build', verb_parser=<colcon_defaults.argument_parser.defaults.DefaultArgumentsDecorator object at 0x7f0641d60700>)
[0.400s] Level 1:colcon.colcon_core.package_discovery:discover_packages(colcon_meta) check parameters
[0.401s] Level 1:colcon.colcon_core.package_discovery:discover_packages(recursive) check parameters
[0.401s] Level 1:colcon.colcon_core.package_discovery:discover_packages(ignore) check parameters
[0.401s] Level 1:colcon.colcon_core.package_discovery:discover_packages(path) check parameters
[0.401s] Level 1:colcon.colcon_core.package_discovery:discover_packages(colcon_meta) discover
[0.401s] Level 1:colcon.colcon_core.package_discovery:discover_packages(recursive) discover
[0.401s] INFO:colcon.colcon_core.package_discovery:Crawling recursively for packages in '/home/parallels/Desktop/work/noyes/intervew/ros/example'
[0.401s] Level 1:colcon.colcon_core.package_identification:_identify(.) by extensions ['ignore', 'ignore_ament_install']
[0.401s] Level 1:colcon.colcon_core.package_identification:_identify(.) by extension 'ignore'
[0.402s] Level 1:colcon.colcon_core.package_identification:_identify(.) by extension 'ignore_ament_install'
[0.402s] Level 1:colcon.colcon_core.package_identification:_identify(.) by extensions ['colcon_pkg']
[0.402s] Level 1:colcon.colcon_core.package_identification:_identify(.) by extension 'colcon_pkg'
[0.402s] Level 1:colcon.colcon_core.package_identification:_identify(.) by extensions ['colcon_meta']
[0.402s] Level 1:colcon.colcon_core.package_identification:_identify(.) by extension 'colcon_meta'
[0.402s] Level 1:colcon.colcon_core.package_identification:_identify(.) by extensions ['ros']
[0.402s] Level 1:colcon.colcon_core.package_identification:_identify(.) by extension 'ros'
[0.418s] DEBUG:colcon.colcon_core.package_identification:Package '.' with type 'ros.ament_python' and name 'example'
[0.418s] Level 1:colcon.colcon_core.package_discovery:discover_packages(recursive) using defaults
[0.418s] Level 1:colcon.colcon_core.package_discovery:discover_packages(ignore) discover
[0.418s] Level 1:colcon.colcon_core.package_discovery:discover_packages(ignore) using defaults
[0.418s] Level 1:colcon.colcon_core.package_discovery:discover_packages(path) discover
[0.418s] Level 1:colcon.colcon_core.package_discovery:discover_packages(path) using defaults
[0.443s] Level 1:colcon.colcon_core.package_discovery:discover_packages(prefix_path) check parameters
[0.443s] Level 1:colcon.colcon_core.package_discovery:discover_packages(prefix_path) discover
[0.447s] DEBUG:colcon.colcon_installed_package_information.package_discovery:Found 256 installed packages in /opt/ros/foxy
[0.448s] Level 1:colcon.colcon_core.package_discovery:discover_packages(prefix_path) using defaults
[0.524s] Level 5:colcon.colcon_core.verb:set package 'example' build argument 'cmake_args' from command line to 'None'
[0.524s] Level 5:colcon.colcon_core.verb:set package 'example' build argument 'cmake_target' from command line to 'None'
[0.524s] Level 5:colcon.colcon_core.verb:set package 'example' build argument 'cmake_target_skip_unavailable' from command line to 'False'
[0.525s] Level 5:colcon.colcon_core.verb:set package 'example' build argument 'cmake_clean_cache' from command line to 'False'
[0.525s] Level 5:colcon.colcon_core.verb:set package 'example' build argument 'cmake_clean_first' from command line to 'False'
[0.525s] Level 5:colcon.colcon_core.verb:set package 'example' build argument 'cmake_force_configure' from command line to 'False'
[0.525s] Level 5:colcon.colcon_core.verb:set package 'example' build argument 'ament_cmake_args' from command line to 'None'
[0.525s] Level 5:colcon.colcon_core.verb:set package 'example' build argument 'catkin_cmake_args' from command line to 'None'
[0.525s] Level 5:colcon.colcon_core.verb:set package 'example' build argument 'catkin_skip_building_tests' from command line to 'False'
[0.525s] DEBUG:colcon.colcon_core.verb:Building package 'example' with the following arguments: {'ament_cmake_args': None, 'build_base': '/home/parallels/Desktop/work/noyes/intervew/ros/example/build/example', 'catkin_cmake_args': None, 'catkin_skip_building_tests': False, 'cmake_args': None, 'cmake_clean_cache': False, 'cmake_clean_first': False, 'cmake_force_configure': False, 'cmake_target': None, 'cmake_target_skip_unavailable': False, 'install_base': '/home/parallels/Desktop/work/noyes/intervew/ros/example/install/example', 'merge_install': False, 'path': '/home/parallels/Desktop/work/noyes/intervew/ros/example', 'symlink_install': True, 'test_result_base': None}
[0.527s] INFO:colcon.colcon_core.executor:Executing jobs using 'parallel' executor
[0.532s] DEBUG:colcon.colcon_parallel_executor.executor.parallel:run_until_complete
[0.533s] INFO:colcon.colcon_ros.task.ament_python.build:Building ROS package in '/home/parallels/Desktop/work/noyes/intervew/ros/example' with build type 'ament_python'
[0.533s] Level 1:colcon.colcon_core.shell:create_environment_hook('example', 'ament_prefix_path')
[0.540s] INFO:colcon.colcon_core.plugin_system:Skipping extension 'colcon_core.shell.bat': Not used on non-Windows systems
[0.541s] INFO:colcon.colcon_core.shell:Creating environment hook '/home/parallels/Desktop/work/noyes/intervew/ros/example/install/example/share/example/hook/ament_prefix_path.ps1'
[0.544s] INFO:colcon.colcon_core.shell:Creating environment descriptor '/home/parallels/Desktop/work/noyes/intervew/ros/example/install/example/share/example/hook/ament_prefix_path.dsv'
[0.545s] INFO:colcon.colcon_core.shell:Creating environment hook '/home/parallels/Desktop/work/noyes/intervew/ros/example/install/example/share/example/hook/ament_prefix_path.sh'
[0.549s] INFO:colcon.colcon_core.shell:Skip shell extension 'powershell' for command environment: Not usable outside of PowerShell
[0.550s] DEBUG:colcon.colcon_core.shell:Skip shell extension 'dsv' for command environment
[0.827s] INFO:colcon.colcon_core.task.python.build:Building Python package in '/home/parallels/Desktop/work/noyes/intervew/ros/example'
[0.830s] INFO:colcon.colcon_core.shell:Skip shell extension 'powershell' for command environment: Not usable outside of PowerShell
[0.830s] DEBUG:colcon.colcon_core.shell:Skip shell extension 'dsv' for command environment
[1.475s] DEBUG:colcon.colcon_core.event_handler.log_command:Invoking command in '/home/parallels/Desktop/work/noyes/intervew/ros/example/build/example': PYTHONPATH=/home/parallels/Desktop/work/noyes/intervew/ros/example/build/example/prefix_override:/home/parallels/Desktop/work/noyes/intervew/ros/example/install/example/lib/python3.8/site-packages:${PYTHONPATH} /usr/bin/python3 setup.py develop --editable --build-directory /home/parallels/Desktop/work/noyes/intervew/ros/example/build/example/build --no-deps install_data
[1.993s] Level 1:colcon.colcon_core.shell:create_environment_hook('example', 'pythonpath_develop')
[1.996s] INFO:colcon.colcon_core.shell:Creating environment hook '/home/parallels/Desktop/work/noyes/intervew/ros/example/build/example/share/example/hook/pythonpath_develop.ps1'
[1.996s] DEBUG:colcon.colcon_core.event_handler.log_command:Invoked command in '/home/parallels/Desktop/work/noyes/intervew/ros/example/build/example' returned '0': PYTHONPATH=/home/parallels/Desktop/work/noyes/intervew/ros/example/build/example/prefix_override:/home/parallels/Desktop/work/noyes/intervew/ros/example/install/example/lib/python3.8/site-packages:${PYTHONPATH} /usr/bin/python3 setup.py develop --editable --build-directory /home/parallels/Desktop/work/noyes/intervew/ros/example/build/example/build --no-deps install_data
[1.997s] INFO:colcon.colcon_core.shell:Creating environment descriptor '/home/parallels/Desktop/work/noyes/intervew/ros/example/build/example/share/example/hook/pythonpath_develop.dsv'
[1.998s] INFO:colcon.colcon_core.shell:Creating environment hook '/home/parallels/Desktop/work/noyes/intervew/ros/example/build/example/share/example/hook/pythonpath_develop.sh'
[2.015s] Level 1:colcon.colcon_core.environment:checking '/home/parallels/Desktop/work/noyes/intervew/ros/example/install/example' for CMake module files
[2.015s] Level 1:colcon.colcon_core.environment:checking '/home/parallels/Desktop/work/noyes/intervew/ros/example/install/example' for CMake config files
[2.016s] Level 1:colcon.colcon_core.environment:checking '/home/parallels/Desktop/work/noyes/intervew/ros/example/install/example/lib'
[2.017s] Level 1:colcon.colcon_core.environment:checking '/home/parallels/Desktop/work/noyes/intervew/ros/example/install/example/bin'
[2.017s] Level 1:colcon.colcon_core.environment:checking '/home/parallels/Desktop/work/noyes/intervew/ros/example/install/example/lib/pkgconfig/example.pc'
[2.017s] Level 1:colcon.colcon_core.environment:checking '/home/parallels/Desktop/work/noyes/intervew/ros/example/install/example/lib/python3.8/site-packages'
[2.017s] Level 1:colcon.colcon_core.shell:create_environment_hook('example', 'pythonpath')
[2.019s] INFO:colcon.colcon_core.shell:Creating environment hook '/home/parallels/Desktop/work/noyes/intervew/ros/example/install/example/share/example/hook/pythonpath.ps1'
[2.020s] INFO:colcon.colcon_core.shell:Creating environment descriptor '/home/parallels/Desktop/work/noyes/intervew/ros/example/install/example/share/example/hook/pythonpath.dsv'
[2.020s] INFO:colcon.colcon_core.shell:Creating environment hook '/home/parallels/Desktop/work/noyes/intervew/ros/example/install/example/share/example/hook/pythonpath.sh'
[2.021s] Level 1:colcon.colcon_core.environment:checking '/home/parallels/Desktop/work/noyes/intervew/ros/example/install/example/bin'
[2.021s] Level 1:colcon.colcon_core.environment:create_environment_scripts_only(example)
[2.024s] INFO:colcon.colcon_core.shell:Creating package script '/home/parallels/Desktop/work/noyes/intervew/ros/example/install/example/share/example/package.ps1'
[2.026s] INFO:colcon.colcon_core.shell:Creating package descriptor '/home/parallels/Desktop/work/noyes/intervew/ros/example/install/example/share/example/package.dsv'
[2.028s] INFO:colcon.colcon_core.shell:Creating package script '/home/parallels/Desktop/work/noyes/intervew/ros/example/install/example/share/example/package.sh'
[2.029s] INFO:colcon.colcon_core.shell:Creating package script '/home/parallels/Desktop/work/noyes/intervew/ros/example/install/example/share/example/package.bash'
[2.030s] INFO:colcon.colcon_core.shell:Creating package script '/home/parallels/Desktop/work/noyes/intervew/ros/example/install/example/share/example/package.zsh'
[2.032s] Level 1:colcon.colcon_core.environment:create_file_with_runtime_dependencies(/home/parallels/Desktop/work/noyes/intervew/ros/example/install/example/share/colcon-core/packages/example)
[2.033s] DEBUG:colcon.colcon_parallel_executor.executor.parallel:closing loop
[2.033s] DEBUG:colcon.colcon_parallel_executor.executor.parallel:loop closed
[2.033s] DEBUG:colcon.colcon_parallel_executor.executor.parallel:run_until_complete finished with '0'
[2.034s] DEBUG:colcon.colcon_core.event_reactor:joining thread
[2.039s] INFO:colcon.colcon_core.plugin_system:Skipping extension 'colcon_notification.desktop_notification.terminal_notifier': Not used on non-Darwin systems
[2.039s] INFO:colcon.colcon_core.plugin_system:Skipping extension 'colcon_notification.desktop_notification.win32': Not used on non-Windows systems
[2.039s] INFO:colcon.colcon_notification.desktop_notification:Sending desktop notification using 'notify2'
[2.054s] DEBUG:colcon.colcon_core.event_reactor:joined thread
[2.057s] INFO:colcon.colcon_core.shell:Creating prefix script '/home/parallels/Desktop/work/noyes/intervew/ros/example/install/local_setup.ps1'
[2.058s] INFO:colcon.colcon_core.shell:Creating prefix util module '/home/parallels/Desktop/work/noyes/intervew/ros/example/install/_local_setup_util_ps1.py'
[2.061s] INFO:colcon.colcon_core.shell:Creating prefix chain script '/home/parallels/Desktop/work/noyes/intervew/ros/example/install/setup.ps1'
[2.064s] INFO:colcon.colcon_core.shell:Creating prefix script '/home/parallels/Desktop/work/noyes/intervew/ros/example/install/local_setup.sh'
[2.066s] INFO:colcon.colcon_core.shell:Creating prefix util module '/home/parallels/Desktop/work/noyes/intervew/ros/example/install/_local_setup_util_sh.py'
[2.067s] INFO:colcon.colcon_core.shell:Creating prefix chain script '/home/parallels/Desktop/work/noyes/intervew/ros/example/install/setup.sh'
[2.069s] INFO:colcon.colcon_core.shell:Creating prefix script '/home/parallels/Desktop/work/noyes/intervew/ros/example/install/local_setup.bash'
[2.070s] INFO:colcon.colcon_core.shell:Creating prefix chain script '/home/parallels/Desktop/work/noyes/intervew/ros/example/install/setup.bash'
[2.072s] INFO:colcon.colcon_core.shell:Creating prefix script '/home/parallels/Desktop/work/noyes/intervew/ros/example/install/local_setup.zsh'
[2.073s] INFO:colcon.colcon_core.shell:Creating prefix chain script '/home/parallels/Desktop/work/noyes/intervew/ros/example/install/setup.zsh'
